\\psf\home\desktop\kursovayavar9rezaev\kursovayavar9rezaev\debug\kursovayavar9rezaev.pch
\\psf\home\desktop\kursovayavar9rezaev\kursovayavar9rezaev\debug\vc120.pdb
\\psf\home\desktop\kursovayavar9rezaev\kursovayavar9rezaev\debug\vc120.idb
\\psf\home\desktop\kursovayavar9rezaev\kursovayavar9rezaev\debug\stdafx.obj
\\psf\home\desktop\kursovayavar9rezaev\kursovayavar9rezaev\debug\c2dbox.obj
\\psf\home\desktop\kursovayavar9rezaev\kursovayavar9rezaev\debug\cgrpobject.obj
\\psf\home\desktop\kursovayavar9rezaev\kursovayavar9rezaev\debug\childview.obj
\\psf\home\desktop\kursovayavar9rezaev\kursovayavar9rezaev\debug\cobj.obj
\\psf\home\desktop\kursovayavar9rezaev\kursovayavar9rezaev\debug\dobjs.obj
\\psf\home\desktop\kursovayavar9rezaev\kursovayavar9rezaev\debug\hexagon.obj
\\psf\home\desktop\kursovayavar9rezaev\kursovayavar9rezaev\debug\kursovayavar9rezaev.obj
\\psf\home\desktop\kursovayavar9rezaev\kursovayavar9rezaev\debug\mainfrm.obj
\\psf\home\desktop\kursovayavar9rezaev\kursovayavar9rezaev\debug\dhex.obj
\\psf\home\desktop\kursovayavar9rezaev\debug\kursovayavar9rezaev.pdb
\\psf\home\desktop\kursovayavar9rezaev\kursovayavar9rezaev\debug\kursovayavar9rezaev.res
\\psf\home\desktop\kursovayavar9rezaev\debug\kursovayavar9rezaev.exe
\\psf\home\desktop\kursovayavar9rezaev\debug\kursovayavar9rezaev.ilk
\\psf\home\desktop\kursovayavar9rezaev\kursovayavar9rezaev\debug\kursovay.65fa3eee.tlog\cl.command.1.tlog
\\psf\home\desktop\kursovayavar9rezaev\kursovayavar9rezaev\debug\kursovay.65fa3eee.tlog\cl.read.1.tlog
\\psf\home\desktop\kursovayavar9rezaev\kursovayavar9rezaev\debug\kursovay.65fa3eee.tlog\cl.write.1.tlog
\\psf\home\desktop\kursovayavar9rezaev\kursovayavar9rezaev\debug\kursovay.65fa3eee.tlog\link.command.1.tlog
\\psf\home\desktop\kursovayavar9rezaev\kursovayavar9rezaev\debug\kursovay.65fa3eee.tlog\link.read.1.tlog
\\psf\home\desktop\kursovayavar9rezaev\kursovayavar9rezaev\debug\kursovay.65fa3eee.tlog\link.write.1.tlog
\\psf\home\desktop\kursovayavar9rezaev\kursovayavar9rezaev\debug\kursovay.65fa3eee.tlog\rc.command.1.tlog
\\psf\home\desktop\kursovayavar9rezaev\kursovayavar9rezaev\debug\kursovay.65fa3eee.tlog\rc.read.1.tlog
\\psf\home\desktop\kursovayavar9rezaev\kursovayavar9rezaev\debug\kursovay.65fa3eee.tlog\rc.write.1.tlog
